<?xml version="1.0" encoding="UTF-8"?>
<!-- Generated by org.testng.reporters.JUnitXMLReporter -->
<testsuite ignored="1" hostname="I7" failures="1" tests="1" name="Main tests" time="18.084" errors="0" timestamp="30 May 2021 16:27:05 GMT">
  <testcase classname="pageObjectsTests.PlaylistTests" name="playlistTests_createPlaylist_playlistCreated" time="13.381">
    <failure type="org.openqa.selenium.TimeoutException" message="No such element found By.xpath: //*[@class=&amp;apos;fa fa-plus-circle control create&amp;apos;]
Build info: version: &amp;apos;3.141.59&amp;apos;, revision: &amp;apos;e82be7d358&amp;apos;, time: &amp;apos;2018-11-14T08:17:03&amp;apos;
System info: host: &amp;apos;I7&amp;apos;, ip: &amp;apos;10.0.0.73&amp;apos;, os.name: &amp;apos;Windows 10&amp;apos;, os.arch: &amp;apos;amd64&amp;apos;, os.version: &amp;apos;10.0&amp;apos;, java.version: &amp;apos;16.0.1&amp;apos;
Driver info: driver.version: unknown">
      <![CDATA[org.openqa.selenium.TimeoutException: No such element found By.xpath: //*[@class='fa fa-plus-circle control create']
Build info: version: '3.141.59', revision: 'e82be7d358', time: '2018-11-14T08:17:03'
System info: host: 'I7', ip: '10.0.0.73', os.name: 'Windows 10', os.arch: 'amd64', os.version: '10.0', java.version: '16.0.1'
Driver info: driver.version: unknown
at pageObjects.MainPage.getPlusButton(MainPage.java:32)
at pageObjects.MainPage.createPlaylist(MainPage.java:57)
at pageObjectsTests.PlaylistTests.playlistTests_createPlaylist_playlistCreated(PlaylistTests.java:19)
at java.base/java.util.concurrent.ThreadPoolExecutor.runWorker(ThreadPoolExecutor.java:1130)
at java.base/java.util.concurrent.ThreadPoolExecutor$Worker.run(ThreadPoolExecutor.java:630)
at java.base/java.lang.Thread.run(Thread.java:831)
... Removed 10 stack frames]]>
    </failure>
  </testcase> <!-- playlistTests_createPlaylist_playlistCreated -->
  <testcase classname="pageObjectsTests.PlaylistTests" name="playlistTests_renamePlaylist_playlistRenamed" time="0.0">
    <ignored/>
  </testcase> <!-- playlistTests_renamePlaylist_playlistRenamed -->
</testsuite> <!-- Main tests -->
